14-Dec-2025 22:21:26.186 INFO [main] org.apache.catalina.startup.VersionLoggerListener.log Server version name:   Apache Tomcat/9.0.113
14-Dec-2025 22:21:26.190 INFO [main] org.apache.catalina.startup.VersionLoggerListener.log Server built:          Dec 2 2025 19:51:24 UTC
14-Dec-2025 22:21:26.191 INFO [main] org.apache.catalina.startup.VersionLoggerListener.log Server version number: 9.0.113.0
14-Dec-2025 22:21:26.192 INFO [main] org.apache.catalina.startup.VersionLoggerListener.log OS Name:               Windows 11
14-Dec-2025 22:21:26.192 INFO [main] org.apache.catalina.startup.VersionLoggerListener.log OS Version:            10.0
14-Dec-2025 22:21:26.192 INFO [main] org.apache.catalina.startup.VersionLoggerListener.log Architecture:          amd64
14-Dec-2025 22:21:26.192 INFO [main] org.apache.catalina.startup.VersionLoggerListener.log Java Home:             C:\Program Files\Java\jdk-24
14-Dec-2025 22:21:26.193 INFO [main] org.apache.catalina.startup.VersionLoggerListener.log JVM Version:           24.0.2+12-54
14-Dec-2025 22:21:26.193 INFO [main] org.apache.catalina.startup.VersionLoggerListener.log JVM Vendor:            Oracle Corporation
14-Dec-2025 22:21:26.194 INFO [main] org.apache.catalina.startup.VersionLoggerListener.log CATALINA_BASE:         D:\academics\SEM - 3\JAVA\intensive-practice\temp\external-lab\set-14\apache-tomcat
14-Dec-2025 22:21:26.194 INFO [main] org.apache.catalina.startup.VersionLoggerListener.log CATALINA_HOME:         D:\academics\SEM - 3\JAVA\intensive-practice\temp\external-lab\set-14\apache-tomcat
14-Dec-2025 22:21:26.207 INFO [main] org.apache.catalina.startup.VersionLoggerListener.log Command line argument: --add-opens=java.base/java.lang=ALL-UNNAMED
14-Dec-2025 22:21:26.209 INFO [main] org.apache.catalina.startup.VersionLoggerListener.log Command line argument: --add-opens=java.base/java.lang.invoke=ALL-UNNAMED
14-Dec-2025 22:21:26.210 INFO [main] org.apache.catalina.startup.VersionLoggerListener.log Command line argument: --add-opens=java.base/java.lang.reflect=ALL-UNNAMED
14-Dec-2025 22:21:26.211 INFO [main] org.apache.catalina.startup.VersionLoggerListener.log Command line argument: --add-opens=java.base/java.io=ALL-UNNAMED
14-Dec-2025 22:21:26.211 INFO [main] org.apache.catalina.startup.VersionLoggerListener.log Command line argument: --add-opens=java.base/java.util=ALL-UNNAMED
14-Dec-2025 22:21:26.211 INFO [main] org.apache.catalina.startup.VersionLoggerListener.log Command line argument: --add-opens=java.base/java.util.concurrent=ALL-UNNAMED
14-Dec-2025 22:21:26.212 INFO [main] org.apache.catalina.startup.VersionLoggerListener.log Command line argument: --add-opens=java.rmi/sun.rmi.transport=ALL-UNNAMED
14-Dec-2025 22:21:26.212 INFO [main] org.apache.catalina.startup.VersionLoggerListener.log Command line argument: -Djava.util.logging.config.file=D:\academics\SEM - 3\JAVA\intensive-practice\temp\external-lab\set-14\apache-tomcat\conf\logging.properties
14-Dec-2025 22:21:26.213 INFO [main] org.apache.catalina.startup.VersionLoggerListener.log Command line argument: -Djava.util.logging.manager=org.apache.juli.ClassLoaderLogManager
14-Dec-2025 22:21:26.213 INFO [main] org.apache.catalina.startup.VersionLoggerListener.log Command line argument: -Djdk.tls.ephemeralDHKeySize=2048
14-Dec-2025 22:21:26.214 INFO [main] org.apache.catalina.startup.VersionLoggerListener.log Command line argument: -Djava.protocol.handler.pkgs=org.apache.catalina.webresources
14-Dec-2025 22:21:26.214 INFO [main] org.apache.catalina.startup.VersionLoggerListener.log Command line argument: -Dsun.io.useCanonCaches=false
14-Dec-2025 22:21:26.215 INFO [main] org.apache.catalina.startup.VersionLoggerListener.log Command line argument: -Dignore.endorsed.dirs=
14-Dec-2025 22:21:26.215 INFO [main] org.apache.catalina.startup.VersionLoggerListener.log Command line argument: -Dcatalina.base=D:\academics\SEM - 3\JAVA\intensive-practice\temp\external-lab\set-14\apache-tomcat
14-Dec-2025 22:21:26.216 INFO [main] org.apache.catalina.startup.VersionLoggerListener.log Command line argument: -Dcatalina.home=D:\academics\SEM - 3\JAVA\intensive-practice\temp\external-lab\set-14\apache-tomcat
14-Dec-2025 22:21:26.216 INFO [main] org.apache.catalina.startup.VersionLoggerListener.log Command line argument: -Djava.io.tmpdir=D:\academics\SEM - 3\JAVA\intensive-practice\temp\external-lab\set-14\apache-tomcat\temp
14-Dec-2025 22:21:26.472 INFO [main] org.apache.catalina.core.AprLifecycleListener.lifecycleEvent Loaded Apache Tomcat Native library [1.3.1] using APR version [1.7.4].
14-Dec-2025 22:21:26.473 INFO [main] org.apache.catalina.core.AprLifecycleListener.lifecycleEvent APR capabilities: IPv6 [true], sendfile [true], accept filters [false], random [true], UDS [true].
14-Dec-2025 22:21:26.474 INFO [main] org.apache.catalina.core.AprLifecycleListener.lifecycleEvent APR/OpenSSL configuration: useAprConnector [false], useOpenSSL [true]
14-Dec-2025 22:21:26.522 INFO [main] org.apache.catalina.core.AprLifecycleListener.initializeSSL OpenSSL successfully initialized [OpenSSL 3.0.14 4 Jun 2024]
14-Dec-2025 22:21:27.000 INFO [main] org.apache.coyote.AbstractProtocol.init Initializing ProtocolHandler ["http-nio-8080"]
14-Dec-2025 22:21:27.036 INFO [main] org.apache.catalina.startup.Catalina.load Server initialization in [1224] milliseconds
14-Dec-2025 22:21:27.105 INFO [main] org.apache.catalina.core.StandardService.startInternal Starting service [Catalina]
14-Dec-2025 22:21:27.105 INFO [main] org.apache.catalina.core.StandardEngine.startInternal Starting Servlet engine: [Apache Tomcat/9.0.113]
14-Dec-2025 22:21:27.121 INFO [main] org.apache.catalina.startup.HostConfig.deployDirectory Deploying web application directory [D:\academics\SEM - 3\JAVA\intensive-practice\temp\external-lab\set-14\apache-tomcat\webapps\MyApp]
14-Dec-2025 22:21:27.558 INFO [main] org.apache.catalina.startup.HostConfig.deployDirectory Deployment of web application directory [D:\academics\SEM - 3\JAVA\intensive-practice\temp\external-lab\set-14\apache-tomcat\webapps\MyApp] has finished in [437] ms
14-Dec-2025 22:21:27.564 INFO [main] org.apache.coyote.AbstractProtocol.start Starting ProtocolHandler ["http-nio-8080"]
14-Dec-2025 22:21:27.608 INFO [main] org.apache.catalina.startup.Catalina.start Server startup in [569] milliseconds
